<?xml version="1.0" encoding="UTF-8"?>
<testsuite xmlns:xsi="http://www.w3.org/2001/XMLSchema-instance" xsi:schemaLocation="https://maven.apache.org/surefire/maven-surefire-plugin/xsd/surefire-test-report.xsd" name="com.zhiyin.queue.core.factory.QueueEventGenFactoryTest" time="0.084" tests="1" errors="1" skipped="0" failures="0">
  <properties>
[...]
</properties>
  <testcase name="testGenTest" classname="com.zhiyin.queue.core.factory.QueueEventGenFactoryTest" time="0.006">
    <error message="Unresolved compilation problem: &#10;	The method setId(Long) is undefined for the type ContentAddBody&#10;" type="java.lang.Error">java.lang.Error: 
Unresolved compilation problem: 
	The method setId(Long) is undefined for the type ContentAddBody

	at com.zhiyin.queue.core.factory.QueueEventGenFactoryTest.testGenTest(QueueEventGenFactoryTest.java:19)
</error>
    <system-err><![CDATA[SLF4J: Failed to load class "org.slf4j.impl.StaticLoggerBinder".
SLF4J: Defaulting to no-operation (NOP) logger implementation
SLF4J: See http://www.slf4j.org/codes.html#StaticLoggerBinder for further details.
]]></system-err>
  </testcase>
</testsuite>